running egg_info
creating ../../build/camera_publisher/camera_publisher.egg-info
writing ../../build/camera_publisher/camera_publisher.egg-info/PKG-INFO
writing dependency_links to ../../build/camera_publisher/camera_publisher.egg-info/dependency_links.txt
writing entry points to ../../build/camera_publisher/camera_publisher.egg-info/entry_points.txt
writing requirements to ../../build/camera_publisher/camera_publisher.egg-info/requires.txt
writing top-level names to ../../build/camera_publisher/camera_publisher.egg-info/top_level.txt
writing manifest file '../../build/camera_publisher/camera_publisher.egg-info/SOURCES.txt'
reading manifest file '../../build/camera_publisher/camera_publisher.egg-info/SOURCES.txt'
writing manifest file '../../build/camera_publisher/camera_publisher.egg-info/SOURCES.txt'
running build
running build_py
creating /home/girish/ros2_multi_camera_ws/build/camera_publisher/build
creating /home/girish/ros2_multi_camera_ws/build/camera_publisher/build/lib
creating /home/girish/ros2_multi_camera_ws/build/camera_publisher/build/lib/camera_publisher
copying camera_publisher/__init__.py -> /home/girish/ros2_multi_camera_ws/build/camera_publisher/build/lib/camera_publisher
copying camera_publisher/camera2.py -> /home/girish/ros2_multi_camera_ws/build/camera_publisher/build/lib/camera_publisher
copying camera_publisher/camera1.py -> /home/girish/ros2_multi_camera_ws/build/camera_publisher/build/lib/camera_publisher
copying camera_publisher/gstream.py -> /home/girish/ros2_multi_camera_ws/build/camera_publisher/build/lib/camera_publisher
copying camera_publisher/yolo.py -> /home/girish/ros2_multi_camera_ws/build/camera_publisher/build/lib/camera_publisher
running install
running install_lib
creating /home/girish/ros2_multi_camera_ws/install/camera_publisher/lib/python3.10/site-packages/camera_publisher
copying /home/girish/ros2_multi_camera_ws/build/camera_publisher/build/lib/camera_publisher/__init__.py -> /home/girish/ros2_multi_camera_ws/install/camera_publisher/lib/python3.10/site-packages/camera_publisher
copying /home/girish/ros2_multi_camera_ws/build/camera_publisher/build/lib/camera_publisher/camera2.py -> /home/girish/ros2_multi_camera_ws/install/camera_publisher/lib/python3.10/site-packages/camera_publisher
copying /home/girish/ros2_multi_camera_ws/build/camera_publisher/build/lib/camera_publisher/camera1.py -> /home/girish/ros2_multi_camera_ws/install/camera_publisher/lib/python3.10/site-packages/camera_publisher
copying /home/girish/ros2_multi_camera_ws/build/camera_publisher/build/lib/camera_publisher/gstream.py -> /home/girish/ros2_multi_camera_ws/install/camera_publisher/lib/python3.10/site-packages/camera_publisher
copying /home/girish/ros2_multi_camera_ws/build/camera_publisher/build/lib/camera_publisher/yolo.py -> /home/girish/ros2_multi_camera_ws/install/camera_publisher/lib/python3.10/site-packages/camera_publisher
byte-compiling /home/girish/ros2_multi_camera_ws/install/camera_publisher/lib/python3.10/site-packages/camera_publisher/__init__.py to __init__.cpython-310.pyc
byte-compiling /home/girish/ros2_multi_camera_ws/install/camera_publisher/lib/python3.10/site-packages/camera_publisher/camera2.py to camera2.cpython-310.pyc
byte-compiling /home/girish/ros2_multi_camera_ws/install/camera_publisher/lib/python3.10/site-packages/camera_publisher/camera1.py to camera1.cpython-310.pyc
byte-compiling /home/girish/ros2_multi_camera_ws/install/camera_publisher/lib/python3.10/site-packages/camera_publisher/gstream.py to gstream.cpython-310.pyc
byte-compiling /home/girish/ros2_multi_camera_ws/install/camera_publisher/lib/python3.10/site-packages/camera_publisher/yolo.py to yolo.cpython-310.pyc
running install_data
creating /home/girish/ros2_multi_camera_ws/install/camera_publisher/share/ament_index
creating /home/girish/ros2_multi_camera_ws/install/camera_publisher/share/ament_index/resource_index
creating /home/girish/ros2_multi_camera_ws/install/camera_publisher/share/ament_index/resource_index/packages
copying resource/camera_publisher -> /home/girish/ros2_multi_camera_ws/install/camera_publisher/share/ament_index/resource_index/packages
copying package.xml -> /home/girish/ros2_multi_camera_ws/install/camera_publisher/share/camera_publisher
running install_egg_info
Copying ../../build/camera_publisher/camera_publisher.egg-info to /home/girish/ros2_multi_camera_ws/install/camera_publisher/lib/python3.10/site-packages/camera_publisher-0.0.0-py3.10.egg-info
running install_scripts
Installing camera1 script to /home/girish/ros2_multi_camera_ws/install/camera_publisher/lib/camera_publisher
Installing camera2 script to /home/girish/ros2_multi_camera_ws/install/camera_publisher/lib/camera_publisher
Installing gstreamer script to /home/girish/ros2_multi_camera_ws/install/camera_publisher/lib/camera_publisher
Installing yolo script to /home/girish/ros2_multi_camera_ws/install/camera_publisher/lib/camera_publisher
writing list of installed files to '/home/girish/ros2_multi_camera_ws/build/camera_publisher/install.log'
