[0.483s] Invoking command in '/home/girish/ros2_multi_camera_ws/src/camera_publisher': PYTHONPATH=/home/girish/ros2_multi_camera_ws/build/camera_publisher/prefix_override:/usr/lib/python3/dist-packages/colcon_core/task/python/colcon_distutils_commands:/home/girish/ros2_multi_camera_ws/install/camera_publisher/lib/python3.10/site-packages:${PYTHONPATH} /usr/bin/python3 -W ignore:setup.py install is deprecated -W ignore:easy_install command is deprecated setup.py egg_info --egg-base ../../build/camera_publisher build --build-base /home/girish/ros2_multi_camera_ws/build/camera_publisher/build install --record /home/girish/ros2_multi_camera_ws/build/camera_publisher/install.log --single-version-externally-managed install_data
[0.633s] running egg_info
[0.633s] creating ../../build/camera_publisher/camera_publisher.egg-info
[0.633s] writing ../../build/camera_publisher/camera_publisher.egg-info/PKG-INFO
[0.634s] writing dependency_links to ../../build/camera_publisher/camera_publisher.egg-info/dependency_links.txt
[0.634s] writing entry points to ../../build/camera_publisher/camera_publisher.egg-info/entry_points.txt
[0.634s] writing requirements to ../../build/camera_publisher/camera_publisher.egg-info/requires.txt
[0.634s] writing top-level names to ../../build/camera_publisher/camera_publisher.egg-info/top_level.txt
[0.634s] writing manifest file '../../build/camera_publisher/camera_publisher.egg-info/SOURCES.txt'
[0.635s] reading manifest file '../../build/camera_publisher/camera_publisher.egg-info/SOURCES.txt'
[0.635s] writing manifest file '../../build/camera_publisher/camera_publisher.egg-info/SOURCES.txt'
[0.635s] running build
[0.635s] running build_py
[0.635s] creating /home/girish/ros2_multi_camera_ws/build/camera_publisher/build
[0.635s] creating /home/girish/ros2_multi_camera_ws/build/camera_publisher/build/lib
[0.635s] creating /home/girish/ros2_multi_camera_ws/build/camera_publisher/build/lib/camera_publisher
[0.635s] copying camera_publisher/__init__.py -> /home/girish/ros2_multi_camera_ws/build/camera_publisher/build/lib/camera_publisher
[0.636s] copying camera_publisher/camera2.py -> /home/girish/ros2_multi_camera_ws/build/camera_publisher/build/lib/camera_publisher
[0.636s] copying camera_publisher/camera1.py -> /home/girish/ros2_multi_camera_ws/build/camera_publisher/build/lib/camera_publisher
[0.636s] copying camera_publisher/gstream.py -> /home/girish/ros2_multi_camera_ws/build/camera_publisher/build/lib/camera_publisher
[0.636s] copying camera_publisher/yolo.py -> /home/girish/ros2_multi_camera_ws/build/camera_publisher/build/lib/camera_publisher
[0.636s] running install
[0.636s] running install_lib
[0.637s] creating /home/girish/ros2_multi_camera_ws/install/camera_publisher/lib/python3.10/site-packages/camera_publisher
[0.637s] copying /home/girish/ros2_multi_camera_ws/build/camera_publisher/build/lib/camera_publisher/__init__.py -> /home/girish/ros2_multi_camera_ws/install/camera_publisher/lib/python3.10/site-packages/camera_publisher
[0.637s] copying /home/girish/ros2_multi_camera_ws/build/camera_publisher/build/lib/camera_publisher/camera2.py -> /home/girish/ros2_multi_camera_ws/install/camera_publisher/lib/python3.10/site-packages/camera_publisher
[0.637s] copying /home/girish/ros2_multi_camera_ws/build/camera_publisher/build/lib/camera_publisher/camera1.py -> /home/girish/ros2_multi_camera_ws/install/camera_publisher/lib/python3.10/site-packages/camera_publisher
[0.637s] copying /home/girish/ros2_multi_camera_ws/build/camera_publisher/build/lib/camera_publisher/gstream.py -> /home/girish/ros2_multi_camera_ws/install/camera_publisher/lib/python3.10/site-packages/camera_publisher
[0.637s] copying /home/girish/ros2_multi_camera_ws/build/camera_publisher/build/lib/camera_publisher/yolo.py -> /home/girish/ros2_multi_camera_ws/install/camera_publisher/lib/python3.10/site-packages/camera_publisher
[0.637s] byte-compiling /home/girish/ros2_multi_camera_ws/install/camera_publisher/lib/python3.10/site-packages/camera_publisher/__init__.py to __init__.cpython-310.pyc
[0.637s] byte-compiling /home/girish/ros2_multi_camera_ws/install/camera_publisher/lib/python3.10/site-packages/camera_publisher/camera2.py to camera2.cpython-310.pyc
[0.637s] byte-compiling /home/girish/ros2_multi_camera_ws/install/camera_publisher/lib/python3.10/site-packages/camera_publisher/camera1.py to camera1.cpython-310.pyc
[0.638s] byte-compiling /home/girish/ros2_multi_camera_ws/install/camera_publisher/lib/python3.10/site-packages/camera_publisher/gstream.py to gstream.cpython-310.pyc
[0.638s] byte-compiling /home/girish/ros2_multi_camera_ws/install/camera_publisher/lib/python3.10/site-packages/camera_publisher/yolo.py to yolo.cpython-310.pyc
[0.639s] running install_data
[0.639s] creating /home/girish/ros2_multi_camera_ws/install/camera_publisher/share/ament_index
[0.639s] creating /home/girish/ros2_multi_camera_ws/install/camera_publisher/share/ament_index/resource_index
[0.639s] creating /home/girish/ros2_multi_camera_ws/install/camera_publisher/share/ament_index/resource_index/packages
[0.639s] copying resource/camera_publisher -> /home/girish/ros2_multi_camera_ws/install/camera_publisher/share/ament_index/resource_index/packages
[0.639s] copying package.xml -> /home/girish/ros2_multi_camera_ws/install/camera_publisher/share/camera_publisher
[0.639s] running install_egg_info
[0.640s] Copying ../../build/camera_publisher/camera_publisher.egg-info to /home/girish/ros2_multi_camera_ws/install/camera_publisher/lib/python3.10/site-packages/camera_publisher-0.0.0-py3.10.egg-info
[0.641s] running install_scripts
[0.653s] Installing camera1 script to /home/girish/ros2_multi_camera_ws/install/camera_publisher/lib/camera_publisher
[0.653s] Installing camera2 script to /home/girish/ros2_multi_camera_ws/install/camera_publisher/lib/camera_publisher
[0.654s] Installing gstreamer script to /home/girish/ros2_multi_camera_ws/install/camera_publisher/lib/camera_publisher
[0.654s] Installing yolo script to /home/girish/ros2_multi_camera_ws/install/camera_publisher/lib/camera_publisher
[0.654s] writing list of installed files to '/home/girish/ros2_multi_camera_ws/build/camera_publisher/install.log'
[0.669s] Invoked command in '/home/girish/ros2_multi_camera_ws/src/camera_publisher' returned '0': PYTHONPATH=/home/girish/ros2_multi_camera_ws/build/camera_publisher/prefix_override:/usr/lib/python3/dist-packages/colcon_core/task/python/colcon_distutils_commands:/home/girish/ros2_multi_camera_ws/install/camera_publisher/lib/python3.10/site-packages:${PYTHONPATH} /usr/bin/python3 -W ignore:setup.py install is deprecated -W ignore:easy_install command is deprecated setup.py egg_info --egg-base ../../build/camera_publisher build --build-base /home/girish/ros2_multi_camera_ws/build/camera_publisher/build install --record /home/girish/ros2_multi_camera_ws/build/camera_publisher/install.log --single-version-externally-managed install_data
