/home/girish/ros2_multi_camera_ws/install/camera_publisher/lib/python3.10/site-packages/camera_publisher/__init__.py
/home/girish/ros2_multi_camera_ws/install/camera_publisher/lib/python3.10/site-packages/camera_publisher/camera2.py
/home/girish/ros2_multi_camera_ws/install/camera_publisher/lib/python3.10/site-packages/camera_publisher/camera1.py
/home/girish/ros2_multi_camera_ws/install/camera_publisher/lib/python3.10/site-packages/camera_publisher/gstream.py
/home/girish/ros2_multi_camera_ws/install/camera_publisher/lib/python3.10/site-packages/camera_publisher/yolo.py
/home/girish/ros2_multi_camera_ws/install/camera_publisher/lib/python3.10/site-packages/camera_publisher/__pycache__/__init__.cpython-310.pyc
/home/girish/ros2_multi_camera_ws/install/camera_publisher/lib/python3.10/site-packages/camera_publisher/__pycache__/camera2.cpython-310.pyc
/home/girish/ros2_multi_camera_ws/install/camera_publisher/lib/python3.10/site-packages/camera_publisher/__pycache__/camera1.cpython-310.pyc
/home/girish/ros2_multi_camera_ws/install/camera_publisher/lib/python3.10/site-packages/camera_publisher/__pycache__/gstream.cpython-310.pyc
/home/girish/ros2_multi_camera_ws/install/camera_publisher/lib/python3.10/site-packages/camera_publisher/__pycache__/yolo.cpython-310.pyc
/home/girish/ros2_multi_camera_ws/install/camera_publisher/share/ament_index/resource_index/packages/camera_publisher
/home/girish/ros2_multi_camera_ws/install/camera_publisher/share/camera_publisher/package.xml
/home/girish/ros2_multi_camera_ws/install/camera_publisher/lib/python3.10/site-packages/camera_publisher-0.0.0-py3.10.egg-info/entry_points.txt
/home/girish/ros2_multi_camera_ws/install/camera_publisher/lib/python3.10/site-packages/camera_publisher-0.0.0-py3.10.egg-info/top_level.txt
/home/girish/ros2_multi_camera_ws/install/camera_publisher/lib/python3.10/site-packages/camera_publisher-0.0.0-py3.10.egg-info/SOURCES.txt
/home/girish/ros2_multi_camera_ws/install/camera_publisher/lib/python3.10/site-packages/camera_publisher-0.0.0-py3.10.egg-info/requires.txt
/home/girish/ros2_multi_camera_ws/install/camera_publisher/lib/python3.10/site-packages/camera_publisher-0.0.0-py3.10.egg-info/PKG-INFO
/home/girish/ros2_multi_camera_ws/install/camera_publisher/lib/python3.10/site-packages/camera_publisher-0.0.0-py3.10.egg-info/dependency_links.txt
/home/girish/ros2_multi_camera_ws/install/camera_publisher/lib/python3.10/site-packages/camera_publisher-0.0.0-py3.10.egg-info/zip-safe
/home/girish/ros2_multi_camera_ws/install/camera_publisher/lib/camera_publisher/camera1
/home/girish/ros2_multi_camera_ws/install/camera_publisher/lib/camera_publisher/camera2
/home/girish/ros2_multi_camera_ws/install/camera_publisher/lib/camera_publisher/gstreamer
/home/girish/ros2_multi_camera_ws/install/camera_publisher/lib/camera_publisher/yolo
